This file contains any messages produced by compilers while
running configure, to aid debugging if configure makes a mistake.

It was created by SquirrelMail Local User Autoresponder and Mail Forwarder SUID Backend configure 3.0, which was
generated by GNU Autoconf 2.61.  Invocation command line was

  $ ./configure --no-create --no-recursion

## --------- ##
## Platform. ##
## --------- ##

hostname = jult.net
uname -m = x86_64
uname -r = 2.6.26-2-amd64
uname -s = Linux
uname -v = #1 SMP Mon Oct 19 02:34:17 UTC 2009

/usr/bin/uname -p = unknown
/bin/uname -X     = unknown

/bin/arch              = unknown
/usr/bin/arch -k       = unknown
/usr/convex/getsysinfo = unknown
/usr/bin/hostinfo      = unknown
/bin/machine           = unknown
/usr/bin/oslevel       = unknown
/bin/universe          = unknown

PATH: /usr/local/sbin
PATH: /usr/local/bin
PATH: /usr/sbin
PATH: /usr/bin
PATH: /sbin
PATH: /bin


## ----------- ##
## Core tests. ##
## ----------- ##

configure:1781: checking for gcc
configure:1797: found /usr/bin/gcc
configure:1808: result: gcc
configure:2046: checking for C compiler version
configure:2053: gcc --version >&5
gcc (Debian 4.3.2-1.1) 4.3.2
Copyright (C) 2008 Free Software Foundation, Inc.
This is free software; see the source for copying conditions.  There is NO
warranty; not even for MERCHANTABILITY or FITNESS FOR A PARTICULAR PURPOSE.

configure:2056: $? = 0
configure:2063: gcc -v >&5
Using built-in specs.
Target: x86_64-linux-gnu
Configured with: ../src/configure -v --with-pkgversion='Debian 4.3.2-1.1' --with-bugurl=file:///usr/share/doc/gcc-4.3/README.Bugs --enable-languages=c,c++,fortran,objc,obj-c++ --prefix=/usr --enable-shared --with-system-zlib --libexecdir=/usr/lib --without-included-gettext --enable-threads=posix --enable-nls --with-gxx-include-dir=/usr/include/c++/4.3 --program-suffix=-4.3 --enable-clocale=gnu --enable-libstdcxx-debug --enable-objc-gc --enable-mpfr --enable-cld --enable-checking=release --build=x86_64-linux-gnu --host=x86_64-linux-gnu --target=x86_64-linux-gnu
Thread model: posix
gcc version 4.3.2 (Debian 4.3.2-1.1) 
configure:2066: $? = 0
configure:2073: gcc -V >&5
gcc: '-V' option must have argument
configure:2076: $? = 1
configure:2099: checking for C compiler default output file name
configure:2126: gcc    conftest.c  >&5
configure:2129: $? = 0
configure:2167: result: a.out
configure:2184: checking whether the C compiler works
configure:2194: ./a.out
configure:2197: $? = 0
configure:2214: result: yes
configure:2221: checking whether we are cross compiling
configure:2223: result: no
configure:2226: checking for suffix of executables
configure:2233: gcc -o conftest    conftest.c  >&5
configure:2236: $? = 0
configure:2260: result: 
configure:2266: checking for suffix of object files
configure:2292: gcc -c   conftest.c >&5
configure:2295: $? = 0
configure:2318: result: o
configure:2322: checking whether we are using the GNU C compiler
configure:2351: gcc -c   conftest.c >&5
configure:2357: $? = 0
configure:2374: result: yes
configure:2379: checking whether gcc accepts -g
configure:2409: gcc -c -g  conftest.c >&5
configure:2415: $? = 0
configure:2514: result: yes
configure:2531: checking for gcc option to accept ISO C89
configure:2605: gcc  -c -g -O2  conftest.c >&5
configure:2611: $? = 0
configure:2634: result: none needed
configure:2661: checking how to run the C preprocessor
configure:2701: gcc -E  conftest.c
configure:2707: $? = 0
configure:2738: gcc -E  conftest.c
conftest.c:8:28: error: ac_nonexistent.h: No such file or directory
configure:2744: $? = 1
configure: failed program was:
| /* confdefs.h.  */
| #define PACKAGE_NAME "SquirrelMail Local User Autoresponder and Mail Forwarder SUID Backend"
| #define PACKAGE_TARNAME "squirrelmail-local-user-autoresponder-and-mail-forwarder-suid-backend"
| #define PACKAGE_VERSION "3.0"
| #define PACKAGE_STRING "SquirrelMail Local User Autoresponder and Mail Forwarder SUID Backend 3.0"
| #define PACKAGE_BUGREPORT "squirrelmail-plugins@lists.sourceforge.net"
| /* end confdefs.h.  */
| #include <ac_nonexistent.h>
configure:2777: result: gcc -E
configure:2806: gcc -E  conftest.c
configure:2812: $? = 0
configure:2843: gcc -E  conftest.c
conftest.c:8:28: error: ac_nonexistent.h: No such file or directory
configure:2849: $? = 1
configure: failed program was:
| /* confdefs.h.  */
| #define PACKAGE_NAME "SquirrelMail Local User Autoresponder and Mail Forwarder SUID Backend"
| #define PACKAGE_TARNAME "squirrelmail-local-user-autoresponder-and-mail-forwarder-suid-backend"
| #define PACKAGE_VERSION "3.0"
| #define PACKAGE_STRING "SquirrelMail Local User Autoresponder and Mail Forwarder SUID Backend 3.0"
| #define PACKAGE_BUGREPORT "squirrelmail-plugins@lists.sourceforge.net"
| /* end confdefs.h.  */
| #include <ac_nonexistent.h>
configure:2887: checking for grep that handles long lines and -e
configure:2961: result: /bin/grep
configure:2966: checking for egrep
configure:3044: result: /bin/grep -E
configure:3049: checking for ANSI C header files
configure:3079: gcc -c -g -O2  conftest.c >&5
configure:3085: $? = 0
configure:3184: gcc -o conftest -g -O2   conftest.c  >&5
configure:3187: $? = 0
configure:3193: ./conftest
configure:3196: $? = 0
configure:3213: result: yes
configure:3223: checking for sys/wait.h that is POSIX.1 compatible
configure:3259: gcc -c -g -O2  conftest.c >&5
configure:3265: $? = 0
configure:3280: result: yes
configure:3304: checking for sys/types.h
configure:3325: gcc -c -g -O2  conftest.c >&5
configure:3331: $? = 0
configure:3347: result: yes
configure:3304: checking for sys/stat.h
configure:3325: gcc -c -g -O2  conftest.c >&5
configure:3331: $? = 0
configure:3347: result: yes
configure:3304: checking for stdlib.h
configure:3325: gcc -c -g -O2  conftest.c >&5
configure:3331: $? = 0
configure:3347: result: yes
configure:3304: checking for string.h
configure:3325: gcc -c -g -O2  conftest.c >&5
configure:3331: $? = 0
configure:3347: result: yes
configure:3304: checking for memory.h
configure:3325: gcc -c -g -O2  conftest.c >&5
configure:3331: $? = 0
configure:3347: result: yes
configure:3304: checking for strings.h
configure:3325: gcc -c -g -O2  conftest.c >&5
configure:3331: $? = 0
configure:3347: result: yes
configure:3304: checking for inttypes.h
configure:3325: gcc -c -g -O2  conftest.c >&5
configure:3331: $? = 0
configure:3347: result: yes
configure:3304: checking for stdint.h
configure:3325: gcc -c -g -O2  conftest.c >&5
configure:3331: $? = 0
configure:3347: result: yes
configure:3304: checking for unistd.h
configure:3325: gcc -c -g -O2  conftest.c >&5
configure:3331: $? = 0
configure:3347: result: yes
configure:3385: checking crypt.h usability
configure:3402: gcc -c -g -O2  conftest.c >&5
configure:3408: $? = 0
configure:3422: result: yes
configure:3426: checking crypt.h presence
configure:3441: gcc -E  conftest.c
configure:3447: $? = 0
configure:3461: result: yes
configure:3494: checking for crypt.h
configure:3502: result: yes
configure:3385: checking fcntl.h usability
configure:3402: gcc -c -g -O2  conftest.c >&5
configure:3408: $? = 0
configure:3422: result: yes
configure:3426: checking fcntl.h presence
configure:3441: gcc -E  conftest.c
configure:3447: $? = 0
configure:3461: result: yes
configure:3494: checking for fcntl.h
configure:3502: result: yes
configure:3385: checking shadow.h usability
configure:3402: gcc -c -g -O2  conftest.c >&5
configure:3408: $? = 0
configure:3422: result: yes
configure:3426: checking shadow.h presence
configure:3441: gcc -E  conftest.c
configure:3447: $? = 0
configure:3461: result: yes
configure:3494: checking for shadow.h
configure:3502: result: yes
configure:3375: checking for stdlib.h
configure:3381: result: yes
configure:3375: checking for string.h
configure:3381: result: yes
configure:3375: checking for strings.h
configure:3381: result: yes
configure:3385: checking syslog.h usability
configure:3402: gcc -c -g -O2  conftest.c >&5
configure:3408: $? = 0
configure:3422: result: yes
configure:3426: checking syslog.h presence
configure:3441: gcc -E  conftest.c
configure:3447: $? = 0
configure:3461: result: yes
configure:3494: checking for syslog.h
configure:3502: result: yes
configure:3375: checking for unistd.h
configure:3381: result: yes
configure:3385: checking pwd.h usability
configure:3402: gcc -c -g -O2  conftest.c >&5
configure:3408: $? = 0
configure:3422: result: yes
configure:3426: checking pwd.h presence
configure:3441: gcc -E  conftest.c
configure:3447: $? = 0
configure:3461: result: yes
configure:3494: checking for pwd.h
configure:3502: result: yes
configure:3385: checking grp.h usability
configure:3402: gcc -c -g -O2  conftest.c >&5
configure:3408: $? = 0
configure:3422: result: yes
configure:3426: checking grp.h presence
configure:3441: gcc -E  conftest.c
configure:3447: $? = 0
configure:3461: result: yes
configure:3494: checking for grp.h
configure:3502: result: yes
configure:3385: checking errno.h usability
configure:3402: gcc -c -g -O2  conftest.c >&5
configure:3408: $? = 0
configure:3422: result: yes
configure:3426: checking errno.h presence
configure:3441: gcc -E  conftest.c
configure:3447: $? = 0
configure:3461: result: yes
configure:3494: checking for errno.h
configure:3502: result: yes
configure:3385: checking libgen.h usability
configure:3402: gcc -c -g -O2  conftest.c >&5
configure:3408: $? = 0
configure:3422: result: yes
configure:3426: checking libgen.h presence
configure:3441: gcc -E  conftest.c
configure:3447: $? = 0
configure:3461: result: yes
configure:3494: checking for libgen.h
configure:3502: result: yes
configure:3517: checking whether stat file-mode macros are broken
configure:3554: gcc -c -g -O2  conftest.c >&5
configure:3560: $? = 0
configure:3575: result: no
configure:3585: checking for an ANSI C-conforming const
configure:3660: gcc -c -g -O2  conftest.c >&5
configure:3666: $? = 0
configure:3681: result: yes
configure:3691: checking for uid_t in sys/types.h
configure:3714: result: yes
configure:3729: checking for gid_t
configure:3759: gcc -c -g -O2  conftest.c >&5
configure:3765: $? = 0
configure:3780: result: yes
configure:3792: checking for size_t
configure:3822: gcc -c -g -O2  conftest.c >&5
configure:3828: $? = 0
configure:3843: result: yes
configure:3855: checking for ssize_t
configure:3885: gcc -c -g -O2  conftest.c >&5
configure:3891: $? = 0
configure:3906: result: yes
configure:3925: checking for unistd.h
configure:3931: result: yes
configure:4065: checking for working chown
configure:4108: gcc -o conftest -g -O2   conftest.c  >&5
configure:4111: $? = 0
configure:4117: ./conftest
configure:4120: $? = 0
configure:4138: result: yes
configure:4148: checking whether lstat dereferences a symlink specified with a trailing slash
configure:4184: gcc -o conftest -g -O2   conftest.c  >&5
configure:4187: $? = 0
configure:4193: ./conftest
configure:4196: $? = 0
configure:4219: result: yes
configure:4238: checking whether lstat accepts an empty string
configure:4268: gcc -o conftest -g -O2   conftest.c  >&5
configure:4271: $? = 0
configure:4277: ./conftest
configure:4280: $? = 0
configure:4296: result: no
configure:4312: checking whether lstat dereferences a symlink specified with a trailing slash
configure:4383: result: yes
configure:4407: checking for stdlib.h
configure:4413: result: yes
configure:4547: checking for GNU libc compatible malloc
configure:4581: gcc -o conftest -g -O2   conftest.c  >&5
configure:4584: $? = 0
configure:4590: ./conftest
configure:4593: $? = 0
configure:4609: result: yes
configure:4637: checking whether stat accepts an empty string
configure:4667: gcc -o conftest -g -O2   conftest.c  >&5
configure:4670: $? = 0
configure:4676: ./conftest
configure:4679: $? = 0
configure:4695: result: no
configure:4718: checking for mkdir
configure:4774: gcc -o conftest -g -O2   conftest.c  >&5
configure:4780: $? = 0
configure:4798: result: yes
configure:4718: checking for rmdir
configure:4774: gcc -o conftest -g -O2   conftest.c  >&5
configure:4780: $? = 0
configure:4798: result: yes
configure:4718: checking for strdup
configure:4774: gcc -o conftest -g -O2   conftest.c  >&5
conftest.c:62: warning: conflicting types for built-in function 'strdup'
configure:4780: $? = 0
configure:4798: result: yes
configure:4718: checking for strspn
configure:4774: gcc -o conftest -g -O2   conftest.c  >&5
conftest.c:63: warning: conflicting types for built-in function 'strspn'
configure:4780: $? = 0
configure:4798: result: yes
configure:4845: checking for getspnam
configure:4901: gcc -o conftest -g -O2   conftest.c  >&5
configure:4907: $? = 0
configure:4925: result: yes
configure:5021: checking for crypt in -lcrypt
configure:5056: gcc -o conftest -g -O2   conftest.c -lcrypt   >&5
configure:5062: $? = 0
configure:5080: result: yes
configure:5565: creating ./config.status

## ---------------- ##
## Cache variables. ##
## ---------------- ##

ac_cv_c_compiler_gnu=yes
ac_cv_c_const=yes
ac_cv_env_CC_set=
ac_cv_env_CC_value=
ac_cv_env_CFLAGS_set=
ac_cv_env_CFLAGS_value=
ac_cv_env_CPPFLAGS_set=
ac_cv_env_CPPFLAGS_value=
ac_cv_env_CPP_set=
ac_cv_env_CPP_value=
ac_cv_env_LDFLAGS_set=
ac_cv_env_LDFLAGS_value=
ac_cv_env_LIBS_set=
ac_cv_env_LIBS_value=
ac_cv_env_build_alias_set=
ac_cv_env_build_alias_value=
ac_cv_env_host_alias_set=
ac_cv_env_host_alias_value=
ac_cv_env_target_alias_set=
ac_cv_env_target_alias_value=
ac_cv_func_chown_works=yes
ac_cv_func_getspnam=yes
ac_cv_func_lstat_dereferences_slashed_symlink=yes
ac_cv_func_lstat_empty_string_bug=no
ac_cv_func_malloc_0_nonnull=yes
ac_cv_func_mkdir=yes
ac_cv_func_rmdir=yes
ac_cv_func_stat_empty_string_bug=no
ac_cv_func_strdup=yes
ac_cv_func_strspn=yes
ac_cv_header_crypt_h=yes
ac_cv_header_errno_h=yes
ac_cv_header_fcntl_h=yes
ac_cv_header_grp_h=yes
ac_cv_header_inttypes_h=yes
ac_cv_header_libgen_h=yes
ac_cv_header_memory_h=yes
ac_cv_header_pwd_h=yes
ac_cv_header_shadow_h=yes
ac_cv_header_stat_broken=no
ac_cv_header_stdc=yes
ac_cv_header_stdint_h=yes
ac_cv_header_stdlib_h=yes
ac_cv_header_string_h=yes
ac_cv_header_strings_h=yes
ac_cv_header_sys_stat_h=yes
ac_cv_header_sys_types_h=yes
ac_cv_header_sys_wait_h=yes
ac_cv_header_syslog_h=yes
ac_cv_header_unistd_h=yes
ac_cv_lib_crypt_crypt=yes
ac_cv_objext=o
ac_cv_path_EGREP='/bin/grep -E'
ac_cv_path_GREP=/bin/grep
ac_cv_prog_CPP='gcc -E'
ac_cv_prog_ac_ct_CC=gcc
ac_cv_prog_cc_c89=
ac_cv_prog_cc_g=yes
ac_cv_type_gid_t=yes
ac_cv_type_size_t=yes
ac_cv_type_ssize_t=yes
ac_cv_type_uid_t=yes

## ----------------- ##
## Output variables. ##
## ----------------- ##

CC='gcc'
CFLAGS='-g -O2'
CPP='gcc -E'
CPPFLAGS=''
DEFS='-DHAVE_CONFIG_H'
ECHO_C=''
ECHO_N='-n'
ECHO_T=''
EGREP='/bin/grep -E'
EXEEXT=''
GREP='/bin/grep'
LDFLAGS=''
LIBOBJS=''
LIBS='-lcrypt '
LTLIBOBJS=''
OBJEXT='o'
PACKAGE_BUGREPORT='squirrelmail-plugins@lists.sourceforge.net'
PACKAGE_NAME='SquirrelMail Local User Autoresponder and Mail Forwarder SUID Backend'
PACKAGE_STRING='SquirrelMail Local User Autoresponder and Mail Forwarder SUID Backend 3.0'
PACKAGE_TARNAME='squirrelmail-local-user-autoresponder-and-mail-forwarder-suid-backend'
PACKAGE_VERSION='3.0'
PATH_SEPARATOR=':'
SHELL='/bin/sh'
ac_ct_CC='gcc'
bindir='${exec_prefix}/bin'
build_alias=''
datadir='${datarootdir}'
datarootdir='${prefix}/share'
docdir='${datarootdir}/doc/${PACKAGE_TARNAME}'
dvidir='${docdir}'
exec_prefix='${prefix}'
host_alias=''
htmldir='${docdir}'
includedir='${prefix}/include'
infodir='${datarootdir}/info'
libdir='${exec_prefix}/lib'
libexecdir='${exec_prefix}/libexec'
localedir='${datarootdir}/locale'
localstatedir='${prefix}/var'
mandir='${datarootdir}/man'
oldincludedir='/usr/include'
pdfdir='${docdir}'
prefix='/usr/local'
program_transform_name='s,x,x,'
psdir='${docdir}'
sbindir='${exec_prefix}/sbin'
sharedstatedir='${prefix}/com'
sysconfdir='${prefix}/etc'
target_alias=''

## ----------- ##
## confdefs.h. ##
## ----------- ##

#define PACKAGE_NAME "SquirrelMail Local User Autoresponder and Mail Forwarder SUID Backend"
#define PACKAGE_TARNAME "squirrelmail-local-user-autoresponder-and-mail-forwarder-suid-backend"
#define PACKAGE_VERSION "3.0"
#define PACKAGE_STRING "SquirrelMail Local User Autoresponder and Mail Forwarder SUID Backend 3.0"
#define PACKAGE_BUGREPORT "squirrelmail-plugins@lists.sourceforge.net"
#define STDC_HEADERS 1
#define HAVE_SYS_WAIT_H 1
#define HAVE_SYS_TYPES_H 1
#define HAVE_SYS_STAT_H 1
#define HAVE_STDLIB_H 1
#define HAVE_STRING_H 1
#define HAVE_MEMORY_H 1
#define HAVE_STRINGS_H 1
#define HAVE_INTTYPES_H 1
#define HAVE_STDINT_H 1
#define HAVE_UNISTD_H 1
#define HAVE_CRYPT_H 1
#define HAVE_FCNTL_H 1
#define HAVE_SHADOW_H 1
#define HAVE_STDLIB_H 1
#define HAVE_STRING_H 1
#define HAVE_STRINGS_H 1
#define HAVE_SYSLOG_H 1
#define HAVE_UNISTD_H 1
#define HAVE_PWD_H 1
#define HAVE_GRP_H 1
#define HAVE_ERRNO_H 1
#define HAVE_LIBGEN_H 1
#define HAVE_UNISTD_H 1
#define HAVE_CHOWN 1
#define LSTAT_FOLLOWS_SLASHED_SYMLINK 1
#define LSTAT_FOLLOWS_SLASHED_SYMLINK 1
#define HAVE_STDLIB_H 1
#define HAVE_MALLOC 1
#define HAVE_MKDIR 1
#define HAVE_RMDIR 1
#define HAVE_STRDUP 1
#define HAVE_STRSPN 1
#define HAVE_GETSPNAM 1
#define USESHADOW 1
#define HAVE_LIBCRYPT 1

configure: exit 0

## ---------------------- ##
## Running config.status. ##
## ---------------------- ##

This file was extended by SquirrelMail Local User Autoresponder and Mail Forwarder SUID Backend config.status 3.0, which was
generated by GNU Autoconf 2.61.  Invocation command line was

  CONFIG_FILES    = 
  CONFIG_HEADERS  = 
  CONFIG_LINKS    = 
  CONFIG_COMMANDS = 
  $ ./config.status 

on jult.net

config.status:591: creating Makefile
config.status:722: WARNING:  Makefile.in seems to ignore the --datarootdir setting
config.status:591: creating config.h
